<?xml version="1.0" encoding="UTF-8"?>
<testsuite xmlns:xsi="http://www.w3.org/2001/XMLSchema-instance" xsi:noNamespaceSchemaLocation="https://maven.apache.org/surefire/maven-surefire-plugin/xsd/surefire-test-report.xsd" version="3.0.2" name="com.mimingucci.contest.ContestApplicationTests" time="10.444" tests="1" errors="0" skipped="0" failures="0">
  <properties>
[...]
</properties>
  <testcase name="contextLoads" classname="com.mimingucci.contest.ContestApplicationTests" time="0.41">
    <system-out><![CDATA[21:45:45.471 [main] INFO org.springframework.test.context.support.AnnotationConfigContextLoaderUtils -- Could not detect default configuration classes for test class [com.mimingucci.contest.ContestApplicationTests]: ContestApplicationTests does not declare any static, non-private, non-final, nested classes annotated with @Configuration.
21:45:45.607 [main] INFO org.springframework.boot.test.context.SpringBootTestContextBootstrapper -- Found @SpringBootConfiguration com.mimingucci.contest.ContestApplication for test class com.mimingucci.contest.ContestApplicationTests
21:45:46.072 [main] INFO org.springframework.boot.devtools.restart.RestartApplicationListener -- Restart disabled due to context in which it is running

  .   ____          _            __ _ _
 /\\ / ___'_ __ _ _(_)_ __  __ _ \ \ \ \
( ( )\___ | '_ | '_| | '_ \/ _` | \ \ \ \
 \\/  ___)| |_)| | | | | || (_| |  ) ) ) )
  '  |____| .__|_| |_|_| |_\__, | / / / /
 =========|_|==============|___/=/_/_/_/

 :: Spring Boot ::                (v3.4.4)

2025-05-17T21:45:46.390+07:00  INFO 66995 --- [contest] [           main] c.m.contest.ContestApplicationTests      : Starting ContestApplicationTests using Java 21.0.6 with PID 66995 (started by mimingucci in /home/mimingucci/Work/Java/Codeforces/contest)
2025-05-17T21:45:46.393+07:00  INFO 66995 --- [contest] [           main] c.m.contest.ContestApplicationTests      : No active profile set, falling back to 1 default profile: "default"
2025-05-17T21:45:47.388+07:00  INFO 66995 --- [contest] [           main] .s.d.r.c.RepositoryConfigurationDelegate : Bootstrapping Spring Data JPA repositories in DEFAULT mode.
2025-05-17T21:45:47.561+07:00  INFO 66995 --- [contest] [           main] .s.d.r.c.RepositoryConfigurationDelegate : Finished Spring Data repository scanning in 162 ms. Found 4 JPA repository interfaces.
2025-05-17T21:45:48.063+07:00  INFO 66995 --- [contest] [           main] o.s.cloud.context.scope.GenericScope     : BeanFactory id=be616a75-c748-3cdc-9157-bdd622c783ff
2025-05-17T21:45:48.729+07:00  INFO 66995 --- [contest] [           main] o.hibernate.jpa.internal.util.LogHelper  : HHH000204: Processing PersistenceUnitInfo [name: default]
2025-05-17T21:45:48.771+07:00  INFO 66995 --- [contest] [           main] org.hibernate.Version                    : HHH000412: Hibernate ORM core version 6.6.11.Final
2025-05-17T21:45:48.802+07:00  INFO 66995 --- [contest] [           main] o.h.c.internal.RegionFactoryInitiator    : HHH000026: Second-level cache disabled
2025-05-17T21:45:49.030+07:00  INFO 66995 --- [contest] [           main] o.s.o.j.p.SpringPersistenceUnitInfo      : No LoadTimeWeaver setup: ignoring JPA class transformer
2025-05-17T21:45:49.060+07:00  INFO 66995 --- [contest] [           main] com.zaxxer.hikari.HikariDataSource       : HikariPool-1 - Starting...
2025-05-17T21:45:49.196+07:00  INFO 66995 --- [contest] [           main] com.zaxxer.hikari.pool.HikariPool        : HikariPool-1 - Added connection com.mysql.cj.jdbc.ConnectionImpl@5a96f3cb
2025-05-17T21:45:49.198+07:00  INFO 66995 --- [contest] [           main] com.zaxxer.hikari.HikariDataSource       : HikariPool-1 - Start completed.
2025-05-17T21:45:49.230+07:00  WARN 66995 --- [contest] [           main] org.hibernate.orm.deprecation            : HHH90000025: MySQL8Dialect does not need to be specified explicitly using 'hibernate.dialect' (remove the property setting and it will be selected by default)
2025-05-17T21:45:49.230+07:00  WARN 66995 --- [contest] [           main] org.hibernate.orm.deprecation            : HHH90000026: MySQL8Dialect has been deprecated; use org.hibernate.dialect.MySQLDialect instead
2025-05-17T21:45:49.243+07:00  INFO 66995 --- [contest] [           main] org.hibernate.orm.connections.pooling    : HHH10001005: Database info:
	Database JDBC URL [Connecting through datasource 'HikariDataSource (HikariPool-1)']
	Database driver: undefined/unknown
	Database version: 8.0
	Autocommit mode: undefined/unknown
	Isolation level: undefined/unknown
	Minimum pool size: undefined/unknown
	Maximum pool size: undefined/unknown
2025-05-17T21:45:50.008+07:00  INFO 66995 --- [contest] [           main] o.h.e.t.j.p.i.JtaPlatformInitiator       : HHH000489: No JTA platform available (set 'hibernate.transaction.jta.platform' to enable JTA platform integration)
2025-05-17T21:45:50.095+07:00  INFO 66995 --- [contest] [           main] j.LocalContainerEntityManagerFactoryBean : Initialized JPA EntityManagerFactory for persistence unit 'default'
2025-05-17T21:45:50.473+07:00  INFO 66995 --- [contest] [           main] o.s.d.j.r.query.QueryEnhancerFactory     : Hibernate is in classpath; If applicable, HQL parser will be used.
2025-05-17T21:45:52.855+07:00  WARN 66995 --- [contest] [           main] JpaBaseConfiguration$JpaWebConfiguration : spring.jpa.open-in-view is enabled by default. Therefore, database queries may be performed during view rendering. Explicitly configure spring.jpa.open-in-view to disable this warning
2025-05-17T21:45:53.013+07:00  INFO 66995 --- [contest] [           main] o.s.c.openfeign.FeignClientFactoryBean   : For 'problem' URL not provided. Will try picking an instance via load-balancing.
2025-05-17T21:45:53.210+07:00  INFO 66995 --- [contest] [           main] o.s.c.openfeign.FeignClientFactoryBean   : For 'ranking' URL not provided. Will try picking an instance via load-balancing.
2025-05-17T21:45:53.228+07:00  INFO 66995 --- [contest] [           main] c.m.c.domain.cron.ContestEventScheduler  : Scheduled contest cache refresh with cron: 0 0 0 * * ?
2025-05-17T21:45:53.228+07:00  INFO 66995 --- [contest] [           main] c.m.c.domain.cron.ContestEventScheduler  : Scheduled contest cache refresh with cron: 0 0 12 * * ?
2025-05-17T21:45:53.228+07:00  INFO 66995 --- [contest] [           main] c.m.c.domain.cron.ContestEventScheduler  : Performing initial contest cache refresh on startup
2025-05-17T21:45:53.229+07:00  INFO 66995 --- [contest] [           main] c.m.c.domain.cron.ContestEventScheduler  : Refreshing contest cache at 2025-05-17T14:45:53.229060359Z
Hibernate: 
    select
        ce1_0.id,
        ce1_0.created_at,
        ce1_0.created_by,
        ce1_0.enabled,
        ce1_0.end_time,
        ce1_0.is_public,
        ce1_0.name,
        ce1_0.start_time,
        ce1_0.type,
        ce1_0.updated_at 
    from
        contest ce1_0 
    where
        not((ce1_0.end_time<? 
        or ce1_0.start_time>?))
Hibernate: 
    select
        t1_0.contest_entity_id,
        t1_0.testers 
    from
        contest_entity_testers t1_0 
    where
        t1_0.contest_entity_id=?
Hibernate: 
    select
        c1_0.contest_entity_id,
        c1_0.coordinators 
    from
        contest_entity_coordinators c1_0 
    where
        c1_0.contest_entity_id=?
Hibernate: 
    select
        a1_0.contest_entity_id,
        a1_0.authors 
    from
        contest_entity_authors a1_0 
    where
        a1_0.contest_entity_id=?
Hibernate: 
    select
        t1_0.contest_entity_id,
        t1_0.testers 
    from
        contest_entity_testers t1_0 
    where
        t1_0.contest_entity_id=?
Hibernate: 
    select
        c1_0.contest_entity_id,
        c1_0.coordinators 
    from
        contest_entity_coordinators c1_0 
    where
        c1_0.contest_entity_id=?
Hibernate: 
    select
        a1_0.contest_entity_id,
        a1_0.authors 
    from
        contest_entity_authors a1_0 
    where
        a1_0.contest_entity_id=?
Hibernate: 
    select
        t1_0.contest_entity_id,
        t1_0.testers 
    from
        contest_entity_testers t1_0 
    where
        t1_0.contest_entity_id=?
Hibernate: 
    select
        c1_0.contest_entity_id,
        c1_0.coordinators 
    from
        contest_entity_coordinators c1_0 
    where
        c1_0.contest_entity_id=?
Hibernate: 
    select
        a1_0.contest_entity_id,
        a1_0.authors 
    from
        contest_entity_authors a1_0 
    where
        a1_0.contest_entity_id=?
Hibernate: 
    select
        t1_0.contest_entity_id,
        t1_0.testers 
    from
        contest_entity_testers t1_0 
    where
        t1_0.contest_entity_id=?
Hibernate: 
    select
        c1_0.contest_entity_id,
        c1_0.coordinators 
    from
        contest_entity_coordinators c1_0 
    where
        c1_0.contest_entity_id=?
Hibernate: 
    select
        a1_0.contest_entity_id,
        a1_0.authors 
    from
        contest_entity_authors a1_0 
    where
        a1_0.contest_entity_id=?
Hibernate: 
    select
        t1_0.contest_entity_id,
        t1_0.testers 
    from
        contest_entity_testers t1_0 
    where
        t1_0.contest_entity_id=?
Hibernate: 
    select
        c1_0.contest_entity_id,
        c1_0.coordinators 
    from
        contest_entity_coordinators c1_0 
    where
        c1_0.contest_entity_id=?
Hibernate: 
    select
        a1_0.contest_entity_id,
        a1_0.authors 
    from
        contest_entity_authors a1_0 
    where
        a1_0.contest_entity_id=?
Hibernate: 
    select
        t1_0.contest_entity_id,
        t1_0.testers 
    from
        contest_entity_testers t1_0 
    where
        t1_0.contest_entity_id=?
Hibernate: 
    select
        c1_0.contest_entity_id,
        c1_0.coordinators 
    from
        contest_entity_coordinators c1_0 
    where
        c1_0.contest_entity_id=?
Hibernate: 
    select
        a1_0.contest_entity_id,
        a1_0.authors 
    from
        contest_entity_authors a1_0 
    where
        a1_0.contest_entity_id=?
2025-05-17T21:45:53.370+07:00  INFO 66995 --- [contest] [           main] c.m.c.domain.cron.ContestEventScheduler  : Loaded 6 contests relevant for the next 2 days
2025-05-17T21:45:54.867+07:00  INFO 66995 --- [contest] [           main] DiscoveryClientOptionalArgsConfiguration : Eureka HTTP Client uses RestTemplate.
2025-05-17T21:45:54.928+07:00  WARN 66995 --- [contest] [           main] iguration$LoadBalancerCaffeineWarnLogger : Spring Cloud LoadBalancer is currently working with the default cache. While this cache implementation is useful for development and tests, it's recommended to use Caffeine cache in production.You can switch to using Caffeine cache, by adding it and org.springframework.cache.caffeine.CaffeineCacheManager to the classpath.
2025-05-17T21:45:54.969+07:00  INFO 66995 --- [contest] [           main] o.s.c.n.eureka.InstanceInfoFactory       : Setting initial instance status as: STARTING
2025-05-17T21:45:54.987+07:00  INFO 66995 --- [contest] [           main] com.netflix.discovery.DiscoveryClient    : Initializing Eureka in region us-east-1
2025-05-17T21:45:54.989+07:00  INFO 66995 --- [contest] [           main] c.n.d.s.r.aws.ConfigClusterResolver      : Resolving eureka endpoints via configuration
2025-05-17T21:45:54.997+07:00  INFO 66995 --- [contest] [           main] com.netflix.discovery.DiscoveryClient    : Disable delta property : false
2025-05-17T21:45:54.998+07:00  INFO 66995 --- [contest] [           main] com.netflix.discovery.DiscoveryClient    : Single vip registry refresh property : null
2025-05-17T21:45:54.998+07:00  INFO 66995 --- [contest] [           main] com.netflix.discovery.DiscoveryClient    : Force full registry fetch : false
2025-05-17T21:45:54.998+07:00  INFO 66995 --- [contest] [           main] com.netflix.discovery.DiscoveryClient    : Application is null : false
2025-05-17T21:45:54.998+07:00  INFO 66995 --- [contest] [           main] com.netflix.discovery.DiscoveryClient    : Registered Applications size is zero : true
2025-05-17T21:45:54.998+07:00  INFO 66995 --- [contest] [           main] com.netflix.discovery.DiscoveryClient    : Application version is -1: true
2025-05-17T21:45:54.998+07:00  INFO 66995 --- [contest] [           main] com.netflix.discovery.DiscoveryClient    : Getting all instance registry info from the eureka server
2025-05-17T21:45:55.294+07:00  INFO 66995 --- [contest] [           main] com.netflix.discovery.DiscoveryClient    : The response status is 200
2025-05-17T21:45:55.296+07:00  INFO 66995 --- [contest] [           main] com.netflix.discovery.DiscoveryClient    : Starting heartbeat executor: renew interval is: 30
2025-05-17T21:45:55.298+07:00  INFO 66995 --- [contest] [           main] c.n.discovery.InstanceInfoReplicator     : InstanceInfoReplicator onDemand update allowed rate per min is 4
2025-05-17T21:45:55.301+07:00  INFO 66995 --- [contest] [           main] com.netflix.discovery.DiscoveryClient    : Discovery Client initialized at timestamp 1747493155298 with initial instances count: 3
2025-05-17T21:45:55.310+07:00  INFO 66995 --- [contest] [           main] o.s.c.n.e.s.EurekaServiceRegistry        : Registering application CONTEST with eureka with status UP
2025-05-17T21:45:55.310+07:00  INFO 66995 --- [contest] [           main] com.netflix.discovery.DiscoveryClient    : Saw local status change event StatusChangeEvent [timestamp=1747493155310, current=UP, previous=STARTING]
2025-05-17T21:45:55.312+07:00  INFO 66995 --- [contest] [foReplicator-%d] com.netflix.discovery.DiscoveryClient    : DiscoveryClient_CONTEST/mimingucci-Modern-15-A5M.lan:contest:8085: registering service...
2025-05-17T21:45:55.323+07:00  INFO 66995 --- [contest] [           main] c.m.contest.ContestApplicationTests      : Started ContestApplicationTests in 9.266 seconds (process running for 10.643)
2025-05-17T21:45:55.349+07:00  INFO 66995 --- [contest] [foReplicator-%d] com.netflix.discovery.DiscoveryClient    : DiscoveryClient_CONTEST/mimingucci-Modern-15-A5M.lan:contest:8085 - registration status: 204
]]></system-out>
    <system-err><![CDATA[Mockito is currently self-attaching to enable the inline-mock-maker. This will no longer work in future releases of the JDK. Please add Mockito as an agent to your build what is described in Mockito's documentation: https://javadoc.io/doc/org.mockito/mockito-core/latest/org/mockito/Mockito.html#0.3
WARNING: A Java agent has been loaded dynamically (/home/mimingucci/.m2/repository/net/bytebuddy/byte-buddy-agent/1.15.11/byte-buddy-agent-1.15.11.jar)
WARNING: If a serviceability tool is in use, please run with -XX:+EnableDynamicAgentLoading to hide this warning
WARNING: If a serviceability tool is not in use, please run with -Djdk.instrument.traceUsage for more information
WARNING: Dynamic loading of agents will be disallowed by default in a future release
]]></system-err>
  </testcase>
</testsuite>